<?xml version="1.0" encoding="UTF-8"?>
<!-- Generated by org.testng.reporters.JUnitReportReporter -->
<testsuite skipped="0" hostname="HP-PC" name="SeleniumSessionsUsingTestNG.StaleElementExceptionTest" tests="1" failures="0" timestamp="17 Apr 2019 12:06:27 GMT" time="10.188" errors="0">
  <testcase name="StaleElementErrTest" time="10.188" classname="SeleniumSessionsUsingTestNG.StaleElementExceptionTest"/>
</testsuite> <!-- SeleniumSessionsUsingTestNG.StaleElementExceptionTest -->
